<?xml version="1.0" encoding="UTF-8"?>
<testsuite name="com.fundoopush.FundooPushTesting" tests="1" skipped="0" failures="0" errors="0" timestamp="2019-12-31T13:17:51" hostname="admin1-LIVA-Z2V" time="2.797">
  <properties/>
  <testcase name="givenFundooPush_OnPOSTHashtagEdit_ShouldReturnSuccessfullMessage" classname="com.fundoopush.FundooPushTesting" time="2.797"/>
  <system-out><![CDATA[{"status":false,"status_code":500,"message":"Something bad happened. Please contact system administrator or try again"}
]]></system-out>
  <system-err><![CDATA[]]></system-err>
</testsuite>
